<?xml version="1.0" encoding="UTF-8"?>
<!-- Generated by org.testng.reporters.JUnitXMLReporter -->
<testsuite ignored="0" hostname="INLEN8520064620" failures="1" tests="1" name="Test" time="10.683" errors="0" timestamp="2024-09-19T00:17:20 IST">
  <testcase classname="testCases.TC001_AccountRegistrationTest" name="varify_account_registration" time="4.382">
    <failure type="java.lang.AssertionError" message="expected [true] but found [false]">
      <![CDATA[java.lang.AssertionError: expected [true] but found [false]
at testCases.TC001_AccountRegistrationTest.varify_account_registration(TC001_AccountRegistrationTest.java:49)
at java.base/java.util.ArrayList.forEach(ArrayList.java:1511)
... Removed 29 stack frames]]>
    </failure>
  </testcase> <!-- varify_account_registration -->
</testsuite> <!-- Test -->
